build/outputs/logs/manifest-merger-debug-report.txt
-- Merging decision tree log ---
manifest
ADDED from AndroidManifest.xml:2:1-42:12
	package
		ADDED from AndroidManifest.xml:3:5-30
		INJECTED from AndroidManifest.xml
		INJECTED from AndroidManifest.xml
	android:versionName
		ADDED from AndroidManifest.xml:5:5-30
		INJECTED from AndroidManifest.xml
		INJECTED from AndroidManifest.xml
	android:versionCode
		ADDED from AndroidManifest.xml:4:5-28
		INJECTED from AndroidManifest.xml
		INJECTED from AndroidManifest.xml
	xmlns:android
		ADDED from AndroidManifest.xml:2:11-69
uses-sdk
ADDED from AndroidManifest.xml:7:5-9:41
	android:targetSdkVersion
		ADDED from AndroidManifest.xml:9:9-38
		INJECTED from AndroidManifest.xml
		INJECTED from AndroidManifest.xml
	android:minSdkVersion
		ADDED from AndroidManifest.xml:8:9-35
		INJECTED from AndroidManifest.xml
		INJECTED from AndroidManifest.xml
uses-permission#android.permission.BLUETOOTH
ADDED from AndroidManifest.xml:11:5-68
	android:name
		ADDED from AndroidManifest.xml:11:22-65
uses-permission#android.permission.BLUETOOTH_ADMIN
ADDED from AndroidManifest.xml:12:5-74
	android:name
		ADDED from AndroidManifest.xml:12:22-71
application
ADDED from AndroidManifest.xml:14:5-40:19
	android:screenOrientation
		ADDED from AndroidManifest.xml:18:9-46
	android:label
		ADDED from AndroidManifest.xml:17:9-41
	android:allowBackup
		ADDED from AndroidManifest.xml:15:9-35
	android:icon
		ADDED from AndroidManifest.xml:16:9-41
	android:theme
		ADDED from AndroidManifest.xml:19:9-40
activity#com.example.TLQ.MainActivity
ADDED from AndroidManifest.xml:20:9-29:20
	android:label
		ADDED from AndroidManifest.xml:22:13-45
	android:theme
		ADDED from AndroidManifest.xml:23:13-72
	android:name
		ADDED from AndroidManifest.xml:21:13-56
intent-filter#android.intent.action.MAIN+android.intent.category.LAUNCHER
ADDED from AndroidManifest.xml:24:13-28:29
action#android.intent.action.MAIN
ADDED from AndroidManifest.xml:25:17-69
	android:name
		ADDED from AndroidManifest.xml:25:25-66
category#android.intent.category.LAUNCHER
ADDED from AndroidManifest.xml:27:17-77
	android:name
		ADDED from AndroidManifest.xml:27:27-74
activity#com.example.TLQ.MyBluetooth
ADDED from AndroidManifest.xml:30:9-34:20
	android:label
		ADDED from AndroidManifest.xml:32:13-64
	android:theme
		ADDED from AndroidManifest.xml:33:13-56
	android:name
		ADDED from AndroidManifest.xml:31:13-55
activity#com.example.TLQ.TsControl
ADDED from AndroidManifest.xml:35:9-38:20
	android:label
		ADDED from AndroidManifest.xml:37:13-35
	android:name
		ADDED from AndroidManifest.xml:36:13-53